2024-01-17 15:11:42.916 [info] Added views:workbench.panel.markers.view in workbench.panel.markers
2024-01-17 15:11:42.916 [info] Added views:workbench.panel.output in workbench.panel.output
2024-01-17 15:11:42.916 [info] Added views:terminal in terminal
2024-01-17 15:11:42.916 [info] Added views:outline in workbench.view.explorer
2024-01-17 15:11:42.916 [info] Added views:workbench.scm in workbench.view.scm
2024-01-17 15:11:42.916 [info] Added views:workbench.view.search in workbench.view.search
2024-01-17 15:11:42.916 [info] Added views:timeline in workbench.view.explorer
2024-01-17 15:11:42.916 [info] Added views:workbench.explorer.fileView in workbench.view.explorer
2024-01-17 15:11:43.171 [info] Added views:workbench.debug.variablesView,workbench.debug.watchExpressionsView,workbench.debug.callStackView,workbench.debug.breakPointsView in workbench.view.debug
2024-01-17 15:11:43.210 [info] Added views:~remote.forwardedPorts in ~remote.forwardedPortsContainer
2024-01-17 15:11:43.346 [info] Added views:workbench.panel.repl.view in workbench.panel.repl
2024-01-17 15:11:43.348 [info] Removed views:workbench.debug.breakPointsView,workbench.debug.callStackView,workbench.debug.watchExpressionsView,workbench.debug.variablesView from workbench.view.debug
2024-01-17 15:11:43.348 [info] Added views:workbench.debug.welcome in workbench.view.debug
2024-01-17 15:11:48.211 [info] Added views:workbench.views.extensions.installed,workbench.views.extensions.popular,extensions.recommendedList in workbench.view.extensions
2024-01-17 15:11:48.213 [info] Removed views:workbench.views.extensions.popular from workbench.view.extensions
2024-01-17 15:11:50.457 [info] Removed views:extensions.recommendedList,workbench.views.extensions.installed from workbench.view.extensions
2024-01-17 15:11:50.461 [info] Added views:workbench.views.extensions.marketplace in workbench.view.extensions
2024-01-17 15:12:02.116 [info] Added views:insert-unicode.identifyView in workbench.view.explorer
2024-01-17 15:36:31.862 [info] Removed views:workbench.views.extensions.marketplace from workbench.view.extensions
2024-01-17 15:36:31.875 [info] Added views:workbench.views.extensions.installed,extensions.recommendedList in workbench.view.extensions
2024-01-17 15:36:33.200 [info] Removed views:extensions.recommendedList,workbench.views.extensions.installed from workbench.view.extensions
2024-01-17 15:36:33.205 [info] Added views:workbench.views.extensions.marketplace in workbench.view.extensions
