2024-01-08 09:50:57.207 [info] Extension host with pid 1398 started
2024-01-08 09:50:57.219 [info] ExtensionService#_doActivateExtension vscode.git-base, startup: true, activationEvent: '*', root cause: vscode.git
2024-01-08 09:50:57.224 [info] ExtensionService#_doActivateExtension vscode.git, startup: true, activationEvent: '*'
2024-01-08 09:50:57.277 [info] ExtensionService#_doActivateExtension vscode.github, startup: true, activationEvent: '*'
2024-01-08 09:50:57.321 [info] Eager extensions activated
2024-01-08 09:50:57.339 [info] ExtensionService#_doActivateExtension vscode.debug-auto-launch, startup: false, activationEvent: 'onStartupFinished'
2024-01-08 09:50:57.341 [info] ExtensionService#_doActivateExtension vscode.merge-conflict, startup: false, activationEvent: 'onStartupFinished'
2024-01-08 09:50:57.355 [info] ExtensionService#_doActivateExtension Catppuccin.catppuccin-vsc, startup: false, activationEvent: 'onStartupFinished'
2024-01-08 09:50:57.359 [info] ExtensionService#_doActivateExtension sainnhe.gruvbox-material, startup: false, activationEvent: 'onStartupFinished'
2024-01-08 09:51:46.841 [info] Extension host terminating: renderer closed the MessagePort
2024-01-08 09:51:46.844 [info] Extension host with pid 1398 exiting with code 0
2024-01-08 09:51:47.507 [info] Extension host with pid 1592 started
2024-01-08 09:51:47.507 [info] Skipping acquiring lock for /home/adam/.config/Code - OSS/User/workspaceStorage/2b3dae99d40fd12c59adc30bedcc583e.
2024-01-08 09:51:47.524 [info] ExtensionService#_doActivateExtension vscode.git-base, startup: true, activationEvent: '*'
2024-01-08 09:51:47.530 [info] ExtensionService#_doActivateExtension vscode.github, startup: true, activationEvent: '*'
2024-01-08 09:51:47.555 [info] Eager extensions activated
2024-01-08 09:51:47.569 [info] ExtensionService#_doActivateExtension vscode.debug-auto-launch, startup: false, activationEvent: 'onStartupFinished'
2024-01-08 09:51:47.570 [info] ExtensionService#_doActivateExtension vscode.merge-conflict, startup: false, activationEvent: 'onStartupFinished'
2024-01-08 09:51:47.583 [info] ExtensionService#_doActivateExtension Catppuccin.catppuccin-vsc, startup: false, activationEvent: 'onStartupFinished'
2024-01-08 09:51:47.586 [info] ExtensionService#_doActivateExtension sainnhe.gruvbox-material, startup: false, activationEvent: 'onStartupFinished'
2024-01-08 09:51:49.753 [info] ExtensionService#_doActivateExtension vscode.git, startup: false, activationEvent: 'api', root cause: vscode.github
2024-01-08 09:52:16.469 [info] ExtensionService#_doActivateExtension vscode.emmet, startup: false, activationEvent: 'onLanguage'
