2024-01-18 22:43:53.434 [info] Extension host with pid 2046 started
2024-01-18 22:43:53.463 [info] ExtensionService#_doActivateExtension vscode.git-base, startup: true, activationEvent: '*', root cause: vscode.git
2024-01-18 22:43:53.495 [info] ExtensionService#_doActivateExtension vscode.git, startup: true, activationEvent: '*'
2024-01-18 22:43:53.548 [info] ExtensionService#_doActivateExtension vscode.github, startup: true, activationEvent: '*'
2024-01-18 22:43:53.591 [info] Eager extensions activated
2024-01-18 22:43:53.600 [info] ExtensionService#_doActivateExtension vscode.debug-auto-launch, startup: false, activationEvent: 'onStartupFinished'
2024-01-18 22:43:53.601 [info] ExtensionService#_doActivateExtension vscode.merge-conflict, startup: false, activationEvent: 'onStartupFinished'
2024-01-18 22:43:53.613 [info] ExtensionService#_doActivateExtension Catppuccin.catppuccin-vsc, startup: false, activationEvent: 'onStartupFinished'
2024-01-18 22:43:53.616 [info] ExtensionService#_doActivateExtension sainnhe.gruvbox-material, startup: false, activationEvent: 'onStartupFinished'
2024-01-18 22:44:02.233 [info] Extension host terminating: renderer closed the MessagePort
2024-01-18 22:44:02.236 [info] Extension host with pid 2046 exiting with code 0
2024-01-18 22:44:02.942 [info] Extension host with pid 2167 started
2024-01-18 22:44:02.942 [info] Skipping acquiring lock for /home/adam/.config/Code - OSS/User/workspaceStorage/0512fa6b4fec2d4870ea96d1cecc5380.
2024-01-18 22:44:02.948 [info] ExtensionService#_doActivateExtension vscode.emmet, startup: false, activationEvent: 'onLanguage'
2024-01-18 22:44:02.993 [info] ExtensionService#_doActivateExtension vscode.git-base, startup: true, activationEvent: '*', root cause: vscode.git
2024-01-18 22:44:02.996 [info] ExtensionService#_doActivateExtension vscode.git, startup: true, activationEvent: '*'
2024-01-18 22:44:03.046 [info] ExtensionService#_doActivateExtension vscode.github, startup: true, activationEvent: '*'
2024-01-18 22:44:03.094 [info] Eager extensions activated
2024-01-18 22:44:03.112 [info] ExtensionService#_doActivateExtension vscode.debug-auto-launch, startup: false, activationEvent: 'onStartupFinished'
2024-01-18 22:44:03.113 [info] ExtensionService#_doActivateExtension vscode.merge-conflict, startup: false, activationEvent: 'onStartupFinished'
2024-01-18 22:44:03.129 [info] ExtensionService#_doActivateExtension Catppuccin.catppuccin-vsc, startup: false, activationEvent: 'onStartupFinished'
2024-01-18 22:44:03.134 [info] ExtensionService#_doActivateExtension sainnhe.gruvbox-material, startup: false, activationEvent: 'onStartupFinished'
