2024-01-16 15:09:43.002 [info] Deleted uninstalled extension from disk catppuccin.catppuccin-vsc /home/adam/.vscode-oss/extensions/catppuccin.catppuccin-vsc-3.10.1-universal
2024-01-16 15:09:43.029 [error] [uncaught exception in sharedProcess]: Error: ENOENT: no such file or directory, stat '/home/adam/.vscode-oss/extensions/catppuccin.catppuccin-vsc-3.10.1-universal.244a1851.vsctmp': EntryNotFound (FileSystemError): Error: ENOENT: no such file or directory, stat '/home/adam/.vscode-oss/extensions/catppuccin.catppuccin-vsc-3.10.1-universal.244a1851.vsctmp'
    at r.create (/usr/lib/code/out/vs/code/node/sharedProcess/sharedProcessMain.js:51:30056)
    at a (/usr/lib/code/out/vs/code/node/sharedProcess/sharedProcessMain.js:51:30170)
    at s.fb (/usr/lib/code/out/vs/code/node/sharedProcess/sharedProcessMain.js:56:36175)
    at s.stat (/usr/lib/code/out/vs/code/node/sharedProcess/sharedProcessMain.js:56:28621)
    at async E.stat (/usr/lib/code/out/vs/code/node/sharedProcess/sharedProcessMain.js:56:15732)
    at async Y.tb (/usr/lib/code/out/vs/code/node/sharedProcess/sharedProcessMain.js:100:111319)
2024-01-16 15:11:53.684 [info] Getting Manifest... dracula-theme.theme-dracula
2024-01-16 15:11:53.787 [info] Installing extension: dracula-theme.theme-dracula
2024-01-16 15:11:54.891 [info] Extension signature verification is not done: dracula-theme.theme-dracula
2024-01-16 15:11:54.909 [info] Extracted extension to file:///home/adam/.vscode-oss/extensions/dracula-theme.theme-dracula-2.24.2-universal: dracula-theme.theme-dracula
2024-01-16 15:11:54.911 [info] Renamed to /home/adam/.vscode-oss/extensions/dracula-theme.theme-dracula-2.24.2-universal
2024-01-16 15:11:54.911 [info] Extracting extension completed. dracula-theme.theme-dracula
2024-01-16 15:11:54.916 [info] Extension installed successfully: dracula-theme.theme-dracula
2024-01-16 15:11:54.990 [error] [uncaught exception in sharedProcess]: Error: ENOENT: no such file or directory, stat '/home/adam/.vscode-oss/extensions/extensions.json.vsctmp': EntryNotFound (FileSystemError): Error: ENOENT: no such file or directory, stat '/home/adam/.vscode-oss/extensions/extensions.json.vsctmp'
    at r.create (/usr/lib/code/out/vs/code/node/sharedProcess/sharedProcessMain.js:51:30056)
    at a (/usr/lib/code/out/vs/code/node/sharedProcess/sharedProcessMain.js:51:30170)
    at s.fb (/usr/lib/code/out/vs/code/node/sharedProcess/sharedProcessMain.js:56:36175)
    at s.stat (/usr/lib/code/out/vs/code/node/sharedProcess/sharedProcessMain.js:56:28621)
    at async E.stat (/usr/lib/code/out/vs/code/node/sharedProcess/sharedProcessMain.js:56:15732)
    at async Y.tb (/usr/lib/code/out/vs/code/node/sharedProcess/sharedProcessMain.js:100:111319)
2024-01-16 15:12:05.156 [info] Getting Manifest... mateuszdrewniak.theme-dracula-dark-plus
2024-01-16 15:12:05.333 [info] Installing extension: mateuszdrewniak.theme-dracula-dark-plus
2024-01-16 15:12:06.483 [info] Extension signature verification is not done: mateuszdrewniak.theme-dracula-dark-plus
2024-01-16 15:12:06.495 [info] Extracted extension to file:///home/adam/.vscode-oss/extensions/mateuszdrewniak.theme-dracula-dark-plus-2.24.4-universal: mateuszdrewniak.theme-dracula-dark-plus
2024-01-16 15:12:06.497 [info] Renamed to /home/adam/.vscode-oss/extensions/mateuszdrewniak.theme-dracula-dark-plus-2.24.4-universal
2024-01-16 15:12:06.498 [info] Extracting extension completed. mateuszdrewniak.theme-dracula-dark-plus
2024-01-16 15:12:06.502 [info] Extension installed successfully: mateuszdrewniak.theme-dracula-dark-plus
2024-01-16 15:12:06.576 [error] [uncaught exception in sharedProcess]: Error: ENOENT: no such file or directory, stat '/home/adam/.vscode-oss/extensions/extensions.json.vsctmp': EntryNotFound (FileSystemError): Error: ENOENT: no such file or directory, stat '/home/adam/.vscode-oss/extensions/extensions.json.vsctmp'
    at r.create (/usr/lib/code/out/vs/code/node/sharedProcess/sharedProcessMain.js:51:30056)
    at a (/usr/lib/code/out/vs/code/node/sharedProcess/sharedProcessMain.js:51:30170)
    at s.fb (/usr/lib/code/out/vs/code/node/sharedProcess/sharedProcessMain.js:56:36175)
    at s.stat (/usr/lib/code/out/vs/code/node/sharedProcess/sharedProcessMain.js:56:28621)
    at async E.stat (/usr/lib/code/out/vs/code/node/sharedProcess/sharedProcessMain.js:56:15732)
    at async Y.tb (/usr/lib/code/out/vs/code/node/sharedProcess/sharedProcessMain.js:100:111319)
