2024-01-08 09:50:56.809 [info] Added views:workbench.panel.markers.view in workbench.panel.markers
2024-01-08 09:50:56.809 [info] Added views:workbench.panel.output in workbench.panel.output
2024-01-08 09:50:56.809 [info] Added views:terminal in terminal
2024-01-08 09:50:56.809 [info] Added views:outline in workbench.view.explorer
2024-01-08 09:50:56.809 [info] Added views:workbench.scm in workbench.view.scm
2024-01-08 09:50:56.809 [info] Added views:workbench.view.search in workbench.view.search
2024-01-08 09:50:56.809 [info] Added views:timeline in workbench.view.explorer
2024-01-08 09:50:56.809 [info] Added views:workbench.explorer.emptyView in workbench.view.explorer
2024-01-08 09:50:57.045 [info] Added views:workbench.debug.variablesView,workbench.debug.watchExpressionsView,workbench.debug.callStackView,workbench.debug.breakPointsView in workbench.view.debug
2024-01-08 09:50:57.085 [info] Added views:~remote.forwardedPorts in ~remote.forwardedPortsContainer
2024-01-08 09:50:57.217 [info] Added views:workbench.panel.repl.view in workbench.panel.repl
2024-01-08 09:50:57.218 [info] Removed views:workbench.debug.breakPointsView,workbench.debug.callStackView,workbench.debug.watchExpressionsView,workbench.debug.variablesView from workbench.view.debug
2024-01-08 09:50:57.218 [info] Added views:workbench.debug.welcome in workbench.view.debug
2024-01-08 09:51:47.132 [info] Added views:workbench.panel.markers.view in workbench.panel.markers
2024-01-08 09:51:47.133 [info] Added views:workbench.panel.output in workbench.panel.output
2024-01-08 09:51:47.133 [info] Added views:terminal in terminal
2024-01-08 09:51:47.133 [info] Added views:outline in workbench.view.explorer
2024-01-08 09:51:47.133 [info] Added views:workbench.scm in workbench.view.scm
2024-01-08 09:51:47.133 [info] Added views:workbench.view.search in workbench.view.search
2024-01-08 09:51:47.133 [info] Added views:timeline in workbench.view.explorer
2024-01-08 09:51:47.133 [info] Added views:workbench.explorer.fileView in workbench.view.explorer
2024-01-08 09:51:47.355 [info] Added views:workbench.debug.variablesView,workbench.debug.watchExpressionsView,workbench.debug.callStackView,workbench.debug.breakPointsView in workbench.view.debug
2024-01-08 09:51:47.399 [info] Added views:~remote.forwardedPorts in ~remote.forwardedPortsContainer
2024-01-08 09:51:47.522 [info] Added views:workbench.panel.repl.view in workbench.panel.repl
2024-01-08 09:51:47.523 [info] Removed views:workbench.debug.breakPointsView,workbench.debug.callStackView,workbench.debug.watchExpressionsView,workbench.debug.variablesView from workbench.view.debug
2024-01-08 09:51:47.523 [info] Added views:workbench.debug.welcome in workbench.view.debug
