2024-01-18 22:43:53.037 [info] Added views:workbench.panel.markers.view in workbench.panel.markers
2024-01-18 22:43:53.037 [info] Added views:workbench.panel.output in workbench.panel.output
2024-01-18 22:43:53.037 [info] Added views:terminal in terminal
2024-01-18 22:43:53.037 [info] Added views:outline in workbench.view.explorer
2024-01-18 22:43:53.037 [info] Added views:workbench.scm in workbench.view.scm
2024-01-18 22:43:53.037 [info] Added views:workbench.view.search in workbench.view.search
2024-01-18 22:43:53.037 [info] Added views:timeline in workbench.view.explorer
2024-01-18 22:43:53.037 [info] Added views:workbench.explorer.emptyView in workbench.view.explorer
2024-01-18 22:43:53.175 [info] Added views:insert-unicode.identifyView in workbench.view.explorer
2024-01-18 22:43:53.262 [info] Added views:workbench.debug.variablesView,workbench.debug.watchExpressionsView,workbench.debug.callStackView,workbench.debug.breakPointsView in workbench.view.debug
2024-01-18 22:43:53.314 [info] Added views:~remote.forwardedPorts in ~remote.forwardedPortsContainer
2024-01-18 22:43:53.461 [info] Added views:workbench.panel.repl.view in workbench.panel.repl
2024-01-18 22:43:53.462 [info] Removed views:workbench.debug.breakPointsView,workbench.debug.callStackView,workbench.debug.watchExpressionsView,workbench.debug.variablesView from workbench.view.debug
2024-01-18 22:43:53.462 [info] Added views:workbench.debug.welcome in workbench.view.debug
2024-01-18 22:44:02.513 [info] Added views:workbench.panel.markers.view in workbench.panel.markers
2024-01-18 22:44:02.513 [info] Added views:workbench.panel.output in workbench.panel.output
2024-01-18 22:44:02.513 [info] Added views:terminal in terminal
2024-01-18 22:44:02.513 [info] Added views:outline in workbench.view.explorer
2024-01-18 22:44:02.513 [info] Added views:workbench.scm in workbench.view.scm
2024-01-18 22:44:02.513 [info] Added views:workbench.view.search in workbench.view.search
2024-01-18 22:44:02.513 [info] Added views:timeline in workbench.view.explorer
2024-01-18 22:44:02.513 [info] Added views:workbench.explorer.fileView in workbench.view.explorer
2024-01-18 22:44:02.619 [info] Added views:workbench.debug.welcome in workbench.view.debug
2024-01-18 22:44:02.699 [info] Added views:insert-unicode.identifyView in workbench.view.explorer
2024-01-18 22:44:02.948 [info] Added views:workbench.panel.repl.view in workbench.panel.repl
2024-01-18 22:44:03.014 [info] Added views:~remote.forwardedPorts in ~remote.forwardedPortsContainer
